2019-12-11 10:47:37,028 [DEBUG] [mybatis-plus MapperRefresh] com.baomidou.mybatisplus.MybatisConfiguration [JakartaCommonsLoggingImpl.java : 54] addMappedStatement: com.yaj.jaso.business.measuresite.mapper.MeasureSiteMapper.selectListTreeByPid
2019-12-11 10:47:37,034 [DEBUG] [mybatis-plus MapperRefresh] com.baomidou.mybatisplus.MybatisConfiguration [JakartaCommonsLoggingImpl.java : 54] addMappedStatement: com.yaj.jaso.business.measuresite.mapper.MeasureSiteMapper.selectListTreeByPid
2019-12-11 10:47:37,034 [DEBUG] [mybatis-plus MapperRefresh] com.baomidou.mybatisplus.MybatisConfiguration [JakartaCommonsLoggingImpl.java : 54] addMappedStatement: com.yaj.jaso.business.measuresite.mapper.MeasureSiteMapper.selectListTreeByPidCount
2019-12-11 10:47:37,035 [DEBUG] [mybatis-plus MapperRefresh] com.baomidou.mybatisplus.MybatisConfiguration [JakartaCommonsLoggingImpl.java : 54] addMappedStatement: com.yaj.jaso.business.measuresite.mapper.MeasureSiteMapper.countAllPoint
2019-12-11 10:47:37,035 [DEBUG] [mybatis-plus MapperRefresh] com.baomidou.mybatisplus.MybatisConfiguration [JakartaCommonsLoggingImpl.java : 54] addMappedStatement: com.yaj.jaso.business.measuresite.mapper.MeasureSiteMapper.countDonePoint
2019-12-11 10:47:37,082 [DEBUG] [mybatis-plus MapperRefresh] com.baomidou.mybatisplus.MybatisConfiguration [JakartaCommonsLoggingImpl.java : 54] addMappedStatement: com.yaj.jaso.business.projectbuilding.mapper.ProjectBuildingMapper.selectListTree
2019-12-11 10:47:37,082 [DEBUG] [mybatis-plus MapperRefresh] com.baomidou.mybatisplus.MybatisConfiguration [JakartaCommonsLoggingImpl.java : 54] addMappedStatement: com.yaj.jaso.business.projectbuilding.mapper.ProjectBuildingMapper.selectListTreeByPid
2019-12-11 10:47:37,082 [DEBUG] [mybatis-plus MapperRefresh] com.baomidou.mybatisplus.MybatisConfiguration [JakartaCommonsLoggingImpl.java : 54] addMappedStatement: com.yaj.jaso.business.projectbuilding.mapper.ProjectBuildingMapper.selectListTreeByPidCount
2019-12-11 10:47:37,083 [DEBUG] [mybatis-plus MapperRefresh] com.baomidou.mybatisplus.MybatisConfiguration [JakartaCommonsLoggingImpl.java : 54] addMappedStatement: com.yaj.jaso.business.projectbuilding.mapper.ProjectBuildingMapper.selectIdListByPid
2019-12-11 10:47:37,105 [DEBUG] [mybatis-plus MapperRefresh] com.baomidou.mybatisplus.MybatisConfiguration [JakartaCommonsLoggingImpl.java : 54] addMappedStatement: com.yaj.jaso.business.message.mapper.MessageMapper.selectListByJasoUserId
2019-12-11 10:47:37,134 [DEBUG] [mybatis-plus MapperRefresh] com.baomidou.mybatisplus.MybatisConfiguration [JakartaCommonsLoggingImpl.java : 54] addMappedStatement: com.yaj.jaso.business.constructcontent.mapper.ConstructContentMapper.selectTreeLists
2019-12-11 10:47:37,135 [DEBUG] [mybatis-plus MapperRefresh] com.baomidou.mybatisplus.MybatisConfiguration [JakartaCommonsLoggingImpl.java : 54] addMappedStatement: com.yaj.jaso.business.constructcontent.mapper.ConstructContentMapper.selectListByRole
2019-12-11 10:47:37,149 [DEBUG] [mybatis-plus MapperRefresh] com.baomidou.mybatisplus.MybatisConfiguration [JakartaCommonsLoggingImpl.java : 54] addMappedStatement: com.yaj.jaso.business.menu.mapper.MenuMapper.selectListByRole
2019-12-11 10:47:37,198 [DEBUG] [mybatis-plus MapperRefresh] com.baomidou.mybatisplus.MybatisConfiguration [JakartaCommonsLoggingImpl.java : 54] addMappedStatement: com.yaj.jaso.business.qualitycheck.mapper.QualityCheckMapper.selectLists
2019-12-11 10:47:37,199 [DEBUG] [mybatis-plus MapperRefresh] com.baomidou.mybatisplus.MybatisConfiguration [JakartaCommonsLoggingImpl.java : 54] addMappedStatement: com.yaj.jaso.business.qualitycheck.mapper.QualityCheckMapper.selectDetail
2019-12-11 10:47:37,199 [DEBUG] [mybatis-plus MapperRefresh] com.baomidou.mybatisplus.MybatisConfiguration [JakartaCommonsLoggingImpl.java : 54] addMappedStatement: com.yaj.jaso.business.qualitycheck.mapper.QualityCheckMapper.selectAboutUserList
2019-12-11 10:47:37,199 [DEBUG] [mybatis-plus MapperRefresh] com.baomidou.mybatisplus.MybatisConfiguration [JakartaCommonsLoggingImpl.java : 54] addMappedStatement: com.yaj.jaso.business.qualitycheck.mapper.QualityCheckMapper.selectAboutUserDetail
2019-12-11 10:47:37,200 [DEBUG] [mybatis-plus MapperRefresh] com.baomidou.mybatisplus.MybatisConfiguration [JakartaCommonsLoggingImpl.java : 54] addMappedStatement: com.yaj.jaso.business.qualitycheck.mapper.QualityCheckMapper.getListByAboutId
2019-12-11 10:47:37,263 [DEBUG] [mybatis-plus MapperRefresh] com.baomidou.mybatisplus.MybatisConfiguration [JakartaCommonsLoggingImpl.java : 54] addMappedStatement: com.yaj.jaso.business.jasouser.mapper.JasoUserMapper.getListByProjectId
2019-12-11 10:47:37,264 [DEBUG] [mybatis-plus MapperRefresh] com.baomidou.mybatisplus.MybatisConfiguration [JakartaCommonsLoggingImpl.java : 54] addMappedStatement: com.yaj.jaso.business.jasouser.mapper.JasoUserMapper.getUserListByProjectId
2019-12-11 10:47:37,306 [DEBUG] [mybatis-plus MapperRefresh] com.baomidou.mybatisplus.MybatisConfiguration [JakartaCommonsLoggingImpl.java : 54] addMappedStatement: com.yaj.jaso.business.role.mapper.RoleMapper.selectMenuList
2019-12-11 10:47:37,328 [DEBUG] [mybatis-plus MapperRefresh] com.baomidou.mybatisplus.MybatisConfiguration [JakartaCommonsLoggingImpl.java : 54] addMappedStatement: com.yaj.jaso.business.securitycheck.mapper.SecurityCheckMapper.selectLists
2019-12-11 10:47:37,329 [DEBUG] [mybatis-plus MapperRefresh] com.baomidou.mybatisplus.MybatisConfiguration [JakartaCommonsLoggingImpl.java : 54] addMappedStatement: com.yaj.jaso.business.securitycheck.mapper.SecurityCheckMapper.selectDetail
2019-12-11 10:47:37,329 [DEBUG] [mybatis-plus MapperRefresh] com.baomidou.mybatisplus.MybatisConfiguration [JakartaCommonsLoggingImpl.java : 54] addMappedStatement: com.yaj.jaso.business.securitycheck.mapper.SecurityCheckMapper.selectAboutUserList
2019-12-11 10:47:37,330 [DEBUG] [mybatis-plus MapperRefresh] com.baomidou.mybatisplus.MybatisConfiguration [JakartaCommonsLoggingImpl.java : 54] addMappedStatement: com.yaj.jaso.business.securitycheck.mapper.SecurityCheckMapper.selectAboutUserDetail
2019-12-11 10:47:37,330 [DEBUG] [mybatis-plus MapperRefresh] com.baomidou.mybatisplus.MybatisConfiguration [JakartaCommonsLoggingImpl.java : 54] addMappedStatement: com.yaj.jaso.business.securitycheck.mapper.SecurityCheckMapper.getListByAboutId
2019-12-11 10:47:37,363 [DEBUG] [mybatis-plus MapperRefresh] com.baomidou.mybatisplus.MybatisConfiguration [JakartaCommonsLoggingImpl.java : 54] addMappedStatement: com.yaj.jaso.business.measurepaper.mapper.MeasurePaperMapper.selectMeasureSiteIdList
2019-12-11 10:47:37,383 [DEBUG] [mybatis-plus MapperRefresh] com.baomidou.mybatisplus.MybatisConfiguration [JakartaCommonsLoggingImpl.java : 54] addMappedStatement: com.yaj.jaso.business.constructlog.mapper.ConstructLogMapper.selectRoleTypeList
2019-12-11 10:47:37,383 [DEBUG] [mybatis-plus MapperRefresh] com.baomidou.mybatisplus.MybatisConfiguration [JakartaCommonsLoggingImpl.java : 54] addMappedStatement: com.yaj.jaso.business.constructlog.mapper.ConstructLogMapper.selectUserListByName
2019-12-11 10:47:37,384 [DEBUG] [mybatis-plus MapperRefresh] com.baomidou.mybatisplus.MybatisConfiguration [JakartaCommonsLoggingImpl.java : 54] addMappedStatement: com.yaj.jaso.business.constructlog.mapper.ConstructLogMapper.selectRoleTypeLists
2019-12-11 10:47:37,454 [DEBUG] [mybatis-plus MapperRefresh] com.baomidou.mybatisplus.MybatisConfiguration [JakartaCommonsLoggingImpl.java : 54] addMappedStatement: com.yaj.jaso.business.department.mapper.DepartmentMapper.selectTreeLists
2019-12-11 10:47:37,455 [DEBUG] [mybatis-plus MapperRefresh] com.baomidou.mybatisplus.MybatisConfiguration [JakartaCommonsLoggingImpl.java : 54] addMappedStatement: com.yaj.jaso.business.department.mapper.DepartmentMapper.selectProjectTreeList
2019-12-11 10:47:37,484 [DEBUG] [mybatis-plus MapperRefresh] com.baomidou.mybatisplus.MybatisConfiguration [JakartaCommonsLoggingImpl.java : 54] addMappedStatement: com.yaj.jaso.business.measureproblem.mapper.MeasureProblemMapper.selectLists
2019-12-11 10:47:37,484 [DEBUG] [mybatis-plus MapperRefresh] com.baomidou.mybatisplus.MybatisConfiguration [JakartaCommonsLoggingImpl.java : 54] addMappedStatement: com.yaj.jaso.business.measureproblem.mapper.MeasureProblemMapper.selectDetail
